[2025-02-03 17:48:16,669 web_scraper.py->__init__():65]INFO: LinkedIn Scraper Class Initiated
[2025-02-03 17:48:18,141 web_scraper.py->setup_driver():98]INFO: WebDriver Initialized
[2025-02-03 17:48:26,596 web_scraper.py->_linkedin_login():173]INFO: Login Successful
[2025-02-03 17:48:58,089 web_scraper.py->_extract_hashtags():257]INFO: Hastags Extracted
[2025-02-03 17:48:58,097 web_scraper.py->_clean_text():287]INFO: Text Cleaned
[2025-02-03 17:48:58,098 web_scraper.py->_extract_emojis():343]INFO: Emoji Extracted
[2025-02-03 17:48:58,098 web_scraper.py->_split_at_first_delimiter():318]INFO: Text Splitted into Heading and Content
[2025-02-03 17:48:58,099 web_scraper.py->is_valid_image():394]INFO: Image is Valid
[2025-02-03 17:48:58,099 web_scraper.py->is_valid_image():394]INFO: Image is Valid
[2025-02-03 17:48:58,099 web_scraper.py->is_valid_image():394]INFO: Image is Valid
[2025-02-03 17:48:58,099 web_scraper.py->is_valid_image():394]INFO: Image is Valid
[2025-02-03 17:48:58,099 web_scraper.py->is_valid_image():394]INFO: Image is Valid
[2025-02-03 17:48:58,241 web_scraper.py->download_image():434]INFO: Downloaded: 1_1738312196716.png
[2025-02-03 17:48:58,288 web_scraper.py->download_image():434]INFO: Downloaded: 1_1738312196922.png
[2025-02-03 17:48:58,320 web_scraper.py->download_image():434]INFO: Downloaded: 1_1738312196977.png
[2025-02-03 17:48:58,358 web_scraper.py->download_image():434]INFO: Downloaded: 1_1738312196468.png
[2025-02-03 17:48:58,359 web_scraper.py->_extract_hashtags():257]INFO: Hastags Extracted
[2025-02-03 17:48:58,359 web_scraper.py->_clean_text():287]INFO: Text Cleaned
[2025-02-03 17:48:58,360 web_scraper.py->_extract_emojis():343]INFO: Emoji Extracted
[2025-02-03 17:48:58,360 web_scraper.py->_split_at_first_delimiter():318]INFO: Text Splitted into Heading and Content
[2025-02-03 17:48:58,360 web_scraper.py->is_valid_image():394]INFO: Image is Valid
[2025-02-03 17:48:58,361 web_scraper.py->is_valid_image():394]INFO: Image is Valid
[2025-02-03 17:48:58,396 web_scraper.py->download_image():434]INFO: Downloaded: 3_1737555174045.png
[2025-02-03 17:48:58,397 web_scraper.py->_extract_hashtags():257]INFO: Hastags Extracted
[2025-02-03 17:48:58,397 web_scraper.py->_clean_text():287]INFO: Text Cleaned
[2025-02-03 17:48:58,398 web_scraper.py->_extract_emojis():343]INFO: Emoji Extracted
[2025-02-03 17:48:58,398 web_scraper.py->_split_at_first_delimiter():318]INFO: Text Splitted into Heading and Content
[2025-02-03 17:48:58,399 web_scraper.py->is_valid_image():394]INFO: Image is Valid
[2025-02-03 17:48:58,399 web_scraper.py->is_valid_image():394]INFO: Image is Valid
[2025-02-03 17:48:58,399 web_scraper.py->is_valid_image():394]INFO: Image is Valid
[2025-02-03 17:48:58,399 web_scraper.py->is_valid_image():394]INFO: Image is Valid
[2025-02-03 17:48:58,399 web_scraper.py->is_valid_image():394]INFO: Image is Valid
[2025-02-03 17:48:58,433 web_scraper.py->download_image():434]INFO: Downloaded: 5_1737635022675.png
[2025-02-03 17:48:58,466 web_scraper.py->download_image():434]INFO: Downloaded: 5_1737635022735.png
[2025-02-03 17:48:58,501 web_scraper.py->download_image():434]INFO: Downloaded: 5_1737635023102.png
[2025-02-03 17:48:58,541 web_scraper.py->download_image():434]INFO: Downloaded: 5_1737635023231.png
[2025-02-03 17:48:58,542 web_scraper.py->_extract_hashtags():257]INFO: Hastags Extracted
[2025-02-03 17:48:58,542 web_scraper.py->_clean_text():287]INFO: Text Cleaned
[2025-02-03 17:48:58,543 web_scraper.py->_extract_emojis():343]INFO: Emoji Extracted
[2025-02-03 17:48:58,543 web_scraper.py->_split_at_first_delimiter():318]INFO: Text Splitted into Heading and Content
[2025-02-03 17:48:58,543 web_scraper.py->is_valid_image():394]INFO: Image is Valid
[2025-02-03 17:48:58,544 web_scraper.py->is_valid_image():394]INFO: Image is Valid
[2025-02-03 17:48:58,544 web_scraper.py->is_valid_image():394]INFO: Image is Valid
[2025-02-03 17:48:58,544 web_scraper.py->is_valid_image():394]INFO: Image is Valid
[2025-02-03 17:48:58,544 web_scraper.py->is_valid_image():394]INFO: Image is Valid
[2025-02-03 17:48:58,815 web_scraper.py->download_image():434]INFO: Downloaded: 7_1734086237986.png
[2025-02-03 17:48:59,085 web_scraper.py->download_image():434]INFO: Downloaded: 7_1734086237093.png
[2025-02-03 17:48:59,513 web_scraper.py->download_image():434]INFO: Downloaded: 7_1734086239665.png
[2025-02-03 17:48:59,919 web_scraper.py->download_image():434]INFO: Downloaded: 7_1734086238947.png
[2025-02-03 17:48:59,920 web_scraper.py->_extract_hashtags():257]INFO: Hastags Extracted
[2025-02-03 17:48:59,921 web_scraper.py->_clean_text():287]INFO: Text Cleaned
[2025-02-03 17:48:59,921 web_scraper.py->_extract_emojis():343]INFO: Emoji Extracted
[2025-02-03 17:48:59,922 web_scraper.py->_split_at_first_delimiter():318]INFO: Text Splitted into Heading and Content
[2025-02-03 17:48:59,922 web_scraper.py->is_valid_image():394]INFO: Image is Valid
[2025-02-03 17:48:59,923 web_scraper.py->_extract_hashtags():257]INFO: Hastags Extracted
[2025-02-03 17:48:59,924 web_scraper.py->_clean_text():287]INFO: Text Cleaned
[2025-02-03 17:48:59,924 web_scraper.py->_extract_emojis():343]INFO: Emoji Extracted
[2025-02-03 17:48:59,924 web_scraper.py->_split_at_first_delimiter():318]INFO: Text Splitted into Heading and Content
[2025-02-03 17:48:59,925 web_scraper.py->is_valid_image():394]INFO: Image is Valid
[2025-02-03 17:48:59,926 web_scraper.py->is_valid_image():394]INFO: Image is Valid
[2025-02-03 17:48:59,926 web_scraper.py->is_valid_image():394]INFO: Image is Valid
[2025-02-03 17:48:59,926 web_scraper.py->is_valid_image():394]INFO: Image is Valid
[2025-02-03 17:48:59,926 web_scraper.py->is_valid_image():394]INFO: Image is Valid
[2025-02-03 17:48:59,984 web_scraper.py->download_image():434]INFO: Downloaded: 11_1732882869324.png
[2025-02-03 17:49:00,046 web_scraper.py->download_image():434]INFO: Downloaded: 11_1732882868948.png
[2025-02-03 17:49:00,097 web_scraper.py->download_image():434]INFO: Downloaded: 11_1732882869496.png
[2025-02-03 17:49:00,151 web_scraper.py->download_image():434]INFO: Downloaded: 11_1732882869469.png
[2025-02-03 17:49:00,152 web_scraper.py->_extract_hashtags():257]INFO: Hastags Extracted
[2025-02-03 17:49:00,153 web_scraper.py->_clean_text():287]INFO: Text Cleaned
[2025-02-03 17:49:00,153 web_scraper.py->_extract_emojis():343]INFO: Emoji Extracted
[2025-02-03 17:49:00,153 web_scraper.py->_split_at_first_delimiter():318]INFO: Text Splitted into Heading and Content
[2025-02-03 17:49:00,154 web_scraper.py->is_valid_image():394]INFO: Image is Valid
[2025-02-03 17:49:00,155 web_scraper.py->_extract_hashtags():257]INFO: Hastags Extracted
[2025-02-03 17:49:00,156 web_scraper.py->_clean_text():287]INFO: Text Cleaned
[2025-02-03 17:49:00,156 web_scraper.py->_extract_emojis():343]INFO: Emoji Extracted
[2025-02-03 17:49:00,156 web_scraper.py->_split_at_first_delimiter():318]INFO: Text Splitted into Heading and Content
[2025-02-03 17:49:00,157 web_scraper.py->is_valid_image():394]INFO: Image is Valid
[2025-02-03 17:49:00,157 web_scraper.py->is_valid_image():394]INFO: Image is Valid
[2025-02-03 17:49:00,158 web_scraper.py->is_valid_image():394]INFO: Image is Valid
[2025-02-03 17:49:00,158 web_scraper.py->is_valid_image():394]INFO: Image is Valid
[2025-02-03 17:49:00,158 web_scraper.py->is_valid_image():394]INFO: Image is Valid
[2025-02-03 17:49:00,212 web_scraper.py->download_image():434]INFO: Downloaded: 15_1732263432895.png
[2025-02-03 17:49:00,266 web_scraper.py->download_image():434]INFO: Downloaded: 15_1732263433124.png
[2025-02-03 17:49:00,324 web_scraper.py->download_image():434]INFO: Downloaded: 15_1732263433266.png
[2025-02-03 17:49:00,373 web_scraper.py->download_image():434]INFO: Downloaded: 15_1732263433871.png
[2025-02-03 17:49:00,374 web_scraper.py->_extract_hashtags():257]INFO: Hastags Extracted
[2025-02-03 17:49:00,375 web_scraper.py->_clean_text():287]INFO: Text Cleaned
[2025-02-03 17:49:00,376 web_scraper.py->_extract_emojis():343]INFO: Emoji Extracted
[2025-02-03 17:49:00,376 web_scraper.py->_split_at_first_delimiter():318]INFO: Text Splitted into Heading and Content
[2025-02-03 17:49:00,377 web_scraper.py->is_valid_image():394]INFO: Image is Valid
[2025-02-03 17:49:00,377 web_scraper.py->_extract_hashtags():257]INFO: Hastags Extracted
[2025-02-03 17:49:00,378 web_scraper.py->_clean_text():287]INFO: Text Cleaned
[2025-02-03 17:49:00,378 web_scraper.py->_extract_emojis():343]INFO: Emoji Extracted
[2025-02-03 17:49:00,378 web_scraper.py->_split_at_first_delimiter():318]INFO: Text Splitted into Heading and Content
[2025-02-03 17:49:00,380 web_scraper.py->is_valid_image():394]INFO: Image is Valid
[2025-02-03 17:49:00,380 web_scraper.py->is_valid_image():394]INFO: Image is Valid
[2025-02-03 17:49:00,380 web_scraper.py->is_valid_image():394]INFO: Image is Valid
[2025-02-03 17:49:00,380 web_scraper.py->is_valid_image():394]INFO: Image is Valid
[2025-02-03 17:49:00,380 web_scraper.py->is_valid_image():394]INFO: Image is Valid
[2025-02-03 17:49:00,427 web_scraper.py->download_image():434]INFO: Downloaded: 19_1728458998864.png
[2025-02-03 17:49:00,480 web_scraper.py->download_image():434]INFO: Downloaded: 19_1728458999912.png
[2025-02-03 17:49:00,529 web_scraper.py->download_image():434]INFO: Downloaded: 19_1728458999815.png
[2025-02-03 17:49:00,593 web_scraper.py->download_image():434]INFO: Downloaded: 19_1728458998048.png
[2025-02-03 17:49:00,594 web_scraper.py->_extract_hashtags():257]INFO: Hastags Extracted
[2025-02-03 17:49:00,595 web_scraper.py->_clean_text():287]INFO: Text Cleaned
[2025-02-03 17:49:00,595 web_scraper.py->_extract_emojis():343]INFO: Emoji Extracted
[2025-02-03 17:49:00,596 web_scraper.py->_split_at_first_delimiter():318]INFO: Text Splitted into Heading and Content
[2025-02-03 17:49:00,597 web_scraper.py->is_valid_image():394]INFO: Image is Valid
[2025-02-03 17:49:00,597 web_scraper.py->is_valid_image():394]INFO: Image is Valid
[2025-02-03 17:49:00,597 web_scraper.py->is_valid_image():394]INFO: Image is Valid
[2025-02-03 17:49:00,597 web_scraper.py->is_valid_image():394]INFO: Image is Valid
[2025-02-03 17:49:00,597 web_scraper.py->is_valid_image():394]INFO: Image is Valid
[2025-02-03 17:49:00,650 web_scraper.py->download_image():434]INFO: Downloaded: 21_1728474811958.png
[2025-02-03 17:49:00,706 web_scraper.py->download_image():434]INFO: Downloaded: 21_1728474813087.png
[2025-02-03 17:49:00,760 web_scraper.py->download_image():434]INFO: Downloaded: 21_1728474811626.png
[2025-02-03 17:49:00,832 web_scraper.py->download_image():434]INFO: Downloaded: 21_1728474811765.png
[2025-02-03 17:49:00,833 web_scraper.py->_extract_hashtags():257]INFO: Hastags Extracted
[2025-02-03 17:49:00,834 web_scraper.py->_clean_text():287]INFO: Text Cleaned
[2025-02-03 17:49:00,834 web_scraper.py->_extract_emojis():343]INFO: Emoji Extracted
[2025-02-03 17:49:00,834 web_scraper.py->_split_at_first_delimiter():318]INFO: Text Splitted into Heading and Content
[2025-02-03 17:49:00,835 web_scraper.py->is_valid_image():394]INFO: Image is Valid
[2025-02-03 17:49:00,835 web_scraper.py->is_valid_image():394]INFO: Image is Valid
[2025-02-03 17:49:00,835 web_scraper.py->is_valid_image():394]INFO: Image is Valid
[2025-02-03 17:49:00,835 web_scraper.py->is_valid_image():394]INFO: Image is Valid
[2025-02-03 17:49:00,836 web_scraper.py->is_valid_image():394]INFO: Image is Valid
[2025-02-03 17:49:01,429 web_scraper.py->download_image():434]INFO: Downloaded: 23_1727974429975.png
[2025-02-03 17:49:01,615 web_scraper.py->download_image():434]INFO: Downloaded: 23_1727974406783.png
[2025-02-03 17:49:01,940 web_scraper.py->download_image():434]INFO: Downloaded: 23_1727974415001.png
[2025-02-03 17:49:02,422 web_scraper.py->download_image():434]INFO: Downloaded: 23_1727974422689.png
[2025-02-03 17:49:02,423 web_scraper.py->_extract_hashtags():257]INFO: Hastags Extracted
[2025-02-03 17:49:02,423 web_scraper.py->_clean_text():287]INFO: Text Cleaned
[2025-02-03 17:49:02,424 web_scraper.py->_extract_emojis():343]INFO: Emoji Extracted
[2025-02-03 17:49:02,424 web_scraper.py->_split_at_first_delimiter():318]INFO: Text Splitted into Heading and Content
[2025-02-03 17:49:02,425 web_scraper.py->is_valid_image():394]INFO: Image is Valid
[2025-02-03 17:49:02,425 web_scraper.py->is_valid_image():394]INFO: Image is Valid
[2025-02-03 17:49:02,425 web_scraper.py->is_valid_image():394]INFO: Image is Valid
[2025-02-03 17:49:02,425 web_scraper.py->is_valid_image():394]INFO: Image is Valid
[2025-02-03 17:49:02,425 web_scraper.py->is_valid_image():394]INFO: Image is Valid
[2025-02-03 17:49:02,467 web_scraper.py->download_image():434]INFO: Downloaded: 25_1727428838537.png
[2025-02-03 17:49:02,512 web_scraper.py->download_image():434]INFO: Downloaded: 25_1727428837946.png
[2025-02-03 17:49:02,556 web_scraper.py->download_image():434]INFO: Downloaded: 25_1727428838748.png
[2025-02-03 17:49:02,600 web_scraper.py->download_image():434]INFO: Downloaded: 25_1727428837932.png
[2025-02-03 17:49:02,601 web_scraper.py->_extract_hashtags():257]INFO: Hastags Extracted
[2025-02-03 17:49:02,601 web_scraper.py->_clean_text():287]INFO: Text Cleaned
[2025-02-03 17:49:02,602 web_scraper.py->_extract_emojis():343]INFO: Emoji Extracted
[2025-02-03 17:49:02,602 web_scraper.py->_split_at_first_delimiter():318]INFO: Text Splitted into Heading and Content
[2025-02-03 17:49:02,603 web_scraper.py->is_valid_image():394]INFO: Image is Valid
[2025-02-03 17:49:02,603 web_scraper.py->is_valid_image():394]INFO: Image is Valid
[2025-02-03 17:49:02,603 web_scraper.py->is_valid_image():394]INFO: Image is Valid
[2025-02-03 17:49:02,603 web_scraper.py->is_valid_image():394]INFO: Image is Valid
[2025-02-03 17:49:02,603 web_scraper.py->is_valid_image():394]INFO: Image is Valid
[2025-02-03 17:49:02,637 web_scraper.py->download_image():434]INFO: Downloaded: 27_1726836477345.png
[2025-02-03 17:49:02,673 web_scraper.py->download_image():434]INFO: Downloaded: 27_1726836476442.png
[2025-02-03 17:49:02,747 web_scraper.py->download_image():434]INFO: Downloaded: 27_1726836476705.png
[2025-02-03 17:49:02,784 web_scraper.py->download_image():434]INFO: Downloaded: 27_1726836476720.png
[2025-02-03 17:49:02,786 web_scraper.py->_extract_hashtags():257]INFO: Hastags Extracted
[2025-02-03 17:49:02,786 web_scraper.py->_clean_text():287]INFO: Text Cleaned
[2025-02-03 17:49:02,787 web_scraper.py->_extract_emojis():343]INFO: Emoji Extracted
[2025-02-03 17:49:02,788 web_scraper.py->_split_at_first_delimiter():318]INFO: Text Splitted into Heading and Content
[2025-02-03 17:49:02,790 web_scraper.py->is_valid_image():394]INFO: Image is Valid
[2025-02-03 17:49:02,790 web_scraper.py->is_valid_image():394]INFO: Image is Valid
[2025-02-03 17:49:02,790 web_scraper.py->is_valid_image():394]INFO: Image is Valid
[2025-02-03 17:49:02,791 web_scraper.py->is_valid_image():394]INFO: Image is Valid
[2025-02-03 17:49:02,791 web_scraper.py->is_valid_image():394]INFO: Image is Valid
[2025-02-03 17:49:02,827 web_scraper.py->download_image():434]INFO: Downloaded: 29_1725604186741.png
[2025-02-03 17:49:02,860 web_scraper.py->download_image():434]INFO: Downloaded: 29_1725604185076.png
[2025-02-03 17:49:02,892 web_scraper.py->download_image():434]INFO: Downloaded: 29_1725604185534.png
[2025-02-03 17:49:02,928 web_scraper.py->download_image():434]INFO: Downloaded: 29_1725604185742.png
[2025-02-03 17:49:02,928 web_scraper.py->_extract_hashtags():257]INFO: Hastags Extracted
[2025-02-03 17:49:02,929 web_scraper.py->_clean_text():287]INFO: Text Cleaned
[2025-02-03 17:49:02,930 web_scraper.py->_extract_emojis():343]INFO: Emoji Extracted
[2025-02-03 17:49:02,930 web_scraper.py->_split_at_first_delimiter():318]INFO: Text Splitted into Heading and Content
[2025-02-03 17:49:02,931 web_scraper.py->is_valid_image():394]INFO: Image is Valid
[2025-02-03 17:49:02,931 web_scraper.py->is_valid_image():394]INFO: Image is Valid
[2025-02-03 17:49:02,932 web_scraper.py->is_valid_image():394]INFO: Image is Valid
[2025-02-03 17:49:02,932 web_scraper.py->is_valid_image():394]INFO: Image is Valid
[2025-02-03 17:49:02,933 web_scraper.py->is_valid_image():394]INFO: Image is Valid
[2025-02-03 17:49:02,971 web_scraper.py->download_image():434]INFO: Downloaded: 31_1723197874732.png
[2025-02-03 17:49:03,002 web_scraper.py->download_image():434]INFO: Downloaded: 31_1723197874939.png
[2025-02-03 17:49:03,039 web_scraper.py->download_image():434]INFO: Downloaded: 31_1723197875671.png
[2025-02-03 17:49:03,073 web_scraper.py->download_image():434]INFO: Downloaded: 31_1723197875410.png
[2025-02-03 17:49:03,074 web_scraper.py->_extract_hashtags():257]INFO: Hastags Extracted
[2025-02-03 17:49:03,075 web_scraper.py->_clean_text():287]INFO: Text Cleaned
[2025-02-03 17:49:03,076 web_scraper.py->_extract_emojis():343]INFO: Emoji Extracted
[2025-02-03 17:49:03,076 web_scraper.py->_split_at_first_delimiter():318]INFO: Text Splitted into Heading and Content
[2025-02-03 17:49:03,076 web_scraper.py->is_valid_image():394]INFO: Image is Valid
[2025-02-03 17:49:03,077 web_scraper.py->is_valid_image():394]INFO: Image is Valid
[2025-02-03 17:49:03,077 web_scraper.py->is_valid_image():394]INFO: Image is Valid
[2025-02-03 17:49:03,077 web_scraper.py->is_valid_image():394]INFO: Image is Valid
[2025-02-03 17:49:03,077 web_scraper.py->is_valid_image():394]INFO: Image is Valid
[2025-02-03 17:49:03,121 web_scraper.py->download_image():434]INFO: Downloaded: 33_1722603743213.png
[2025-02-03 17:49:03,154 web_scraper.py->download_image():434]INFO: Downloaded: 33_1722603743030.png
[2025-02-03 17:49:03,186 web_scraper.py->download_image():434]INFO: Downloaded: 33_1722603743360.png
[2025-02-03 17:49:03,230 web_scraper.py->download_image():434]INFO: Downloaded: 33_1722603742185.png
[2025-02-03 17:49:03,232 web_scraper.py->_extract_hashtags():257]INFO: Hastags Extracted
[2025-02-03 17:49:03,233 web_scraper.py->_clean_text():287]INFO: Text Cleaned
[2025-02-03 17:49:03,234 web_scraper.py->_extract_emojis():343]INFO: Emoji Extracted
[2025-02-03 17:49:03,234 web_scraper.py->_split_at_first_delimiter():318]INFO: Text Splitted into Heading and Content
[2025-02-03 17:49:03,235 web_scraper.py->is_valid_image():394]INFO: Image is Valid
[2025-02-03 17:49:03,235 web_scraper.py->is_valid_image():394]INFO: Image is Valid
[2025-02-03 17:49:03,235 web_scraper.py->is_valid_image():394]INFO: Image is Valid
[2025-02-03 17:49:03,235 web_scraper.py->is_valid_image():394]INFO: Image is Valid
[2025-02-03 17:49:03,235 web_scraper.py->is_valid_image():394]INFO: Image is Valid
[2025-02-03 17:49:03,269 web_scraper.py->download_image():434]INFO: Downloaded: 35_1721982010305.png
[2025-02-03 17:49:03,304 web_scraper.py->download_image():434]INFO: Downloaded: 35_1721982010343.png
[2025-02-03 17:49:03,338 web_scraper.py->download_image():434]INFO: Downloaded: 35_1721982010111.png
[2025-02-03 17:49:03,376 web_scraper.py->download_image():434]INFO: Downloaded: 35_1721982010284.png
[2025-02-03 17:49:03,377 web_scraper.py->_extract_hashtags():257]INFO: Hastags Extracted
[2025-02-03 17:49:03,378 web_scraper.py->_clean_text():287]INFO: Text Cleaned
[2025-02-03 17:49:03,379 web_scraper.py->_extract_emojis():343]INFO: Emoji Extracted
[2025-02-03 17:49:03,379 web_scraper.py->_split_at_first_delimiter():318]INFO: Text Splitted into Heading and Content
[2025-02-03 17:49:03,380 web_scraper.py->is_valid_image():394]INFO: Image is Valid
[2025-02-03 17:49:03,380 web_scraper.py->is_valid_image():394]INFO: Image is Valid
[2025-02-03 17:49:03,416 web_scraper.py->download_image():434]INFO: Downloaded: 37_1734960306940.png
[2025-02-03 17:49:03,417 web_scraper.py->_extract_hashtags():257]INFO: Hastags Extracted
[2025-02-03 17:49:03,418 web_scraper.py->_clean_text():287]INFO: Text Cleaned
[2025-02-03 17:49:03,418 web_scraper.py->_extract_emojis():343]INFO: Emoji Extracted
[2025-02-03 17:49:03,418 web_scraper.py->_split_at_first_delimiter():318]INFO: Text Splitted into Heading and Content
[2025-02-03 17:49:03,419 web_scraper.py->is_valid_image():394]INFO: Image is Valid
[2025-02-03 17:49:03,419 web_scraper.py->is_valid_image():394]INFO: Image is Valid
[2025-02-03 17:49:03,420 web_scraper.py->is_valid_image():394]INFO: Image is Valid
[2025-02-03 17:49:03,420 web_scraper.py->is_valid_image():394]INFO: Image is Valid
[2025-02-03 17:49:03,420 web_scraper.py->is_valid_image():394]INFO: Image is Valid
[2025-02-03 17:49:03,455 web_scraper.py->download_image():434]INFO: Downloaded: 39_1721380723481.png
[2025-02-03 17:49:03,498 web_scraper.py->download_image():434]INFO: Downloaded: 39_1721380723645.png
[2025-02-03 17:49:03,535 web_scraper.py->download_image():434]INFO: Downloaded: 39_1721380723696.png
[2025-02-03 17:49:03,569 web_scraper.py->download_image():434]INFO: Downloaded: 39_1721380723655.png
[2025-02-03 17:49:03,570 web_scraper.py->_extract_hashtags():257]INFO: Hastags Extracted
[2025-02-03 17:49:03,571 web_scraper.py->_clean_text():287]INFO: Text Cleaned
[2025-02-03 17:49:03,571 web_scraper.py->_extract_emojis():343]INFO: Emoji Extracted
[2025-02-03 17:49:03,572 web_scraper.py->_split_at_first_delimiter():318]INFO: Text Splitted into Heading and Content
[2025-02-03 17:49:03,573 web_scraper.py->is_valid_image():394]INFO: Image is Valid
[2025-02-03 17:49:03,573 web_scraper.py->is_valid_image():394]INFO: Image is Valid
[2025-02-03 17:49:03,573 web_scraper.py->is_valid_image():394]INFO: Image is Valid
[2025-02-03 17:49:03,573 web_scraper.py->is_valid_image():394]INFO: Image is Valid
[2025-02-03 17:49:03,573 web_scraper.py->is_valid_image():394]INFO: Image is Valid
[2025-02-03 17:49:03,607 web_scraper.py->download_image():434]INFO: Downloaded: 41_1721048271403.png
[2025-02-03 17:49:03,637 web_scraper.py->download_image():434]INFO: Downloaded: 41_1721048271355.png
[2025-02-03 17:49:03,672 web_scraper.py->download_image():434]INFO: Downloaded: 41_1721048271200.png
[2025-02-03 17:49:03,702 web_scraper.py->download_image():434]INFO: Downloaded: 41_1721048271030.png
[2025-02-03 17:49:03,703 web_scraper.py->_extract_hashtags():257]INFO: Hastags Extracted
[2025-02-03 17:49:03,703 web_scraper.py->_clean_text():287]INFO: Text Cleaned
[2025-02-03 17:49:03,704 web_scraper.py->_extract_emojis():343]INFO: Emoji Extracted
[2025-02-03 17:49:03,704 web_scraper.py->_split_at_first_delimiter():318]INFO: Text Splitted into Heading and Content
[2025-02-03 17:49:03,705 web_scraper.py->is_valid_image():394]INFO: Image is Valid
[2025-02-03 17:49:03,705 web_scraper.py->is_valid_image():394]INFO: Image is Valid
[2025-02-03 17:49:03,705 web_scraper.py->is_valid_image():394]INFO: Image is Valid
[2025-02-03 17:49:03,705 web_scraper.py->is_valid_image():394]INFO: Image is Valid
[2025-02-03 17:49:03,705 web_scraper.py->is_valid_image():394]INFO: Image is Valid
[2025-02-03 17:49:03,752 web_scraper.py->download_image():434]INFO: Downloaded: 43_1718957337003.png
[2025-02-03 17:49:03,785 web_scraper.py->download_image():434]INFO: Downloaded: 43_1718957338242.png
[2025-02-03 17:49:03,825 web_scraper.py->download_image():434]INFO: Downloaded: 43_1718957337989.png
[2025-02-03 17:49:03,869 web_scraper.py->download_image():434]INFO: Downloaded: 43_1718957336688.png
[2025-02-03 17:49:03,870 web_scraper.py->_extract_hashtags():257]INFO: Hastags Extracted
[2025-02-03 17:49:03,871 web_scraper.py->_clean_text():287]INFO: Text Cleaned
[2025-02-03 17:49:03,871 web_scraper.py->_extract_emojis():343]INFO: Emoji Extracted
[2025-02-03 17:49:03,872 web_scraper.py->_split_at_first_delimiter():318]INFO: Text Splitted into Heading and Content
[2025-02-03 17:49:03,872 web_scraper.py->is_valid_image():394]INFO: Image is Valid
[2025-02-03 17:49:03,873 web_scraper.py->_extract_hashtags():257]INFO: Hastags Extracted
[2025-02-03 17:49:03,873 web_scraper.py->_clean_text():287]INFO: Text Cleaned
[2025-02-03 17:49:03,874 web_scraper.py->_extract_emojis():343]INFO: Emoji Extracted
[2025-02-03 17:49:03,874 web_scraper.py->_split_at_first_delimiter():318]INFO: Text Splitted into Heading and Content
[2025-02-03 17:49:03,875 web_scraper.py->is_valid_image():394]INFO: Image is Valid
[2025-02-03 17:49:03,875 web_scraper.py->is_valid_image():394]INFO: Image is Valid
[2025-02-03 17:49:03,875 web_scraper.py->is_valid_image():394]INFO: Image is Valid
[2025-02-03 17:49:03,875 web_scraper.py->is_valid_image():394]INFO: Image is Valid
[2025-02-03 17:49:03,875 web_scraper.py->is_valid_image():394]INFO: Image is Valid
[2025-02-03 17:49:03,923 web_scraper.py->download_image():434]INFO: Downloaded: 47_1718347551246.png
[2025-02-03 17:49:03,953 web_scraper.py->download_image():434]INFO: Downloaded: 47_1718347552270.png
[2025-02-03 17:49:03,989 web_scraper.py->download_image():434]INFO: Downloaded: 47_1718347551239.png
[2025-02-03 17:49:04,023 web_scraper.py->download_image():434]INFO: Downloaded: 47_1718347551827.png
[2025-02-03 17:49:04,024 web_scraper.py->_extract_hashtags():257]INFO: Hastags Extracted
[2025-02-03 17:49:04,025 web_scraper.py->_clean_text():287]INFO: Text Cleaned
[2025-02-03 17:49:04,026 web_scraper.py->_extract_emojis():343]INFO: Emoji Extracted
[2025-02-03 17:49:04,026 web_scraper.py->_split_at_first_delimiter():318]INFO: Text Splitted into Heading and Content
[2025-02-03 17:49:04,027 web_scraper.py->is_valid_image():394]INFO: Image is Valid
[2025-02-03 17:49:04,027 web_scraper.py->is_valid_image():394]INFO: Image is Valid
[2025-02-03 17:49:04,028 web_scraper.py->is_valid_image():394]INFO: Image is Valid
[2025-02-03 17:49:04,028 web_scraper.py->is_valid_image():394]INFO: Image is Valid
[2025-02-03 17:49:04,028 web_scraper.py->is_valid_image():394]INFO: Image is Valid
[2025-02-03 17:49:04,065 web_scraper.py->download_image():434]INFO: Downloaded: 49_1718181796385.png
[2025-02-03 17:49:04,110 web_scraper.py->download_image():434]INFO: Downloaded: 49_1718181799844.png
[2025-02-03 17:49:04,150 web_scraper.py->download_image():434]INFO: Downloaded: 49_1718181796749.png
[2025-02-03 17:49:04,180 web_scraper.py->download_image():434]INFO: Downloaded: 49_1718181811432.png
[2025-02-03 17:49:04,181 web_scraper.py->_extract_hashtags():257]INFO: Hastags Extracted
[2025-02-03 17:49:04,181 web_scraper.py->_clean_text():287]INFO: Text Cleaned
[2025-02-03 17:49:04,182 web_scraper.py->_extract_emojis():343]INFO: Emoji Extracted
[2025-02-03 17:49:04,182 web_scraper.py->_split_at_first_delimiter():318]INFO: Text Splitted into Heading and Content
[2025-02-03 17:49:04,183 web_scraper.py->is_valid_image():394]INFO: Image is Valid
[2025-02-03 17:49:04,183 web_scraper.py->is_valid_image():394]INFO: Image is Valid
[2025-02-03 17:49:04,183 web_scraper.py->is_valid_image():394]INFO: Image is Valid
[2025-02-03 17:49:04,183 web_scraper.py->is_valid_image():394]INFO: Image is Valid
[2025-02-03 17:49:04,184 web_scraper.py->is_valid_image():394]INFO: Image is Valid
[2025-02-03 17:49:04,219 web_scraper.py->download_image():434]INFO: Downloaded: 51_1719200085686.png
[2025-02-03 17:49:04,256 web_scraper.py->download_image():434]INFO: Downloaded: 51_1719199506279.png
[2025-02-03 17:49:04,291 web_scraper.py->download_image():434]INFO: Downloaded: 51_1719125877770.png
[2025-02-03 17:49:04,328 web_scraper.py->download_image():434]INFO: Downloaded: 51_1719030746126.png
[2025-02-03 17:49:04,329 web_scraper.py->_extract_hashtags():257]INFO: Hastags Extracted
[2025-02-03 17:49:04,329 web_scraper.py->_clean_text():287]INFO: Text Cleaned
[2025-02-03 17:49:04,330 web_scraper.py->_extract_emojis():343]INFO: Emoji Extracted
[2025-02-03 17:49:04,330 web_scraper.py->_split_at_first_delimiter():318]INFO: Text Splitted into Heading and Content
[2025-02-03 17:49:04,331 web_scraper.py->is_valid_image():394]INFO: Image is Valid
[2025-02-03 17:49:04,331 web_scraper.py->is_valid_image():394]INFO: Image is Valid
[2025-02-03 17:49:04,331 web_scraper.py->is_valid_image():394]INFO: Image is Valid
[2025-02-03 17:49:04,331 web_scraper.py->is_valid_image():394]INFO: Image is Valid
[2025-02-03 17:49:04,331 web_scraper.py->is_valid_image():394]INFO: Image is Valid
[2025-02-03 17:49:04,375 web_scraper.py->download_image():434]INFO: Downloaded: 53_1719140641165.png
[2025-02-03 17:49:04,408 web_scraper.py->download_image():434]INFO: Downloaded: 53_1719150897408.png
[2025-02-03 17:49:04,441 web_scraper.py->download_image():434]INFO: Downloaded: 53_1719038305932.png
[2025-02-03 17:49:04,473 web_scraper.py->download_image():434]INFO: Downloaded: 53_1719039833308.png
[2025-02-03 17:49:04,474 web_scraper.py->_extract_hashtags():257]INFO: Hastags Extracted
[2025-02-03 17:49:04,475 web_scraper.py->_clean_text():287]INFO: Text Cleaned
[2025-02-03 17:49:04,475 web_scraper.py->_extract_emojis():343]INFO: Emoji Extracted
[2025-02-03 17:49:04,476 web_scraper.py->_split_at_first_delimiter():318]INFO: Text Splitted into Heading and Content
[2025-02-03 17:49:04,476 web_scraper.py->is_valid_image():394]INFO: Image is Valid
[2025-02-03 17:49:04,477 web_scraper.py->is_valid_image():394]INFO: Image is Valid
[2025-02-03 17:49:04,477 web_scraper.py->is_valid_image():394]INFO: Image is Valid
[2025-02-03 17:49:04,477 web_scraper.py->is_valid_image():394]INFO: Image is Valid
[2025-02-03 17:49:04,477 web_scraper.py->is_valid_image():394]INFO: Image is Valid
[2025-02-03 17:49:04,686 web_scraper.py->download_image():434]INFO: Downloaded: 55_1715935952566.png
[2025-02-03 17:49:05,621 web_scraper.py->download_image():434]INFO: Downloaded: 55_1715935984436.png
[2025-02-03 17:49:06,054 web_scraper.py->download_image():434]INFO: Downloaded: 55_1715935964335.png
[2025-02-03 17:49:06,801 web_scraper.py->download_image():434]INFO: Downloaded: 55_1715935976306.png
[2025-02-03 17:49:06,802 web_scraper.py->_extract_hashtags():257]INFO: Hastags Extracted
[2025-02-03 17:49:06,803 web_scraper.py->_clean_text():287]INFO: Text Cleaned
[2025-02-03 17:49:06,803 web_scraper.py->_extract_emojis():343]INFO: Emoji Extracted
[2025-02-03 17:49:06,804 web_scraper.py->_split_at_first_delimiter():318]INFO: Text Splitted into Heading and Content
[2025-02-03 17:49:06,804 web_scraper.py->is_valid_image():394]INFO: Image is Valid
[2025-02-03 17:49:06,805 web_scraper.py->_extract_hashtags():257]INFO: Hastags Extracted
[2025-02-03 17:49:06,805 web_scraper.py->_clean_text():287]INFO: Text Cleaned
[2025-02-03 17:49:06,806 web_scraper.py->_extract_emojis():343]INFO: Emoji Extracted
[2025-02-03 17:49:06,806 web_scraper.py->_split_at_first_delimiter():318]INFO: Text Splitted into Heading and Content
[2025-02-03 17:49:06,807 web_scraper.py->is_valid_image():394]INFO: Image is Valid
[2025-02-03 17:49:06,807 web_scraper.py->is_valid_image():394]INFO: Image is Valid
[2025-02-03 17:49:06,807 web_scraper.py->is_valid_image():394]INFO: Image is Valid
[2025-02-03 17:49:06,807 web_scraper.py->is_valid_image():394]INFO: Image is Valid
[2025-02-03 17:49:06,807 web_scraper.py->is_valid_image():394]INFO: Image is Valid
[2025-02-03 17:49:07,221 web_scraper.py->download_image():434]INFO: Downloaded: 59_1715328968369.png
[2025-02-03 17:49:07,590 web_scraper.py->download_image():434]INFO: Downloaded: 59_1715328964848.png
[2025-02-03 17:49:08,039 web_scraper.py->download_image():434]INFO: Downloaded: 59_1715328961652.png
[2025-02-03 17:49:08,309 web_scraper.py->download_image():434]INFO: Downloaded: 59_1715328968198.png
[2025-02-03 17:49:08,309 web_scraper.py->_extract_hashtags():257]INFO: Hastags Extracted
[2025-02-03 17:49:08,310 web_scraper.py->_clean_text():287]INFO: Text Cleaned
[2025-02-03 17:49:08,310 web_scraper.py->_extract_emojis():343]INFO: Emoji Extracted
[2025-02-03 17:49:08,310 web_scraper.py->_split_at_first_delimiter():318]INFO: Text Splitted into Heading and Content
[2025-02-03 17:49:08,311 web_scraper.py->is_valid_image():394]INFO: Image is Valid
[2025-02-03 17:49:08,311 web_scraper.py->is_valid_image():394]INFO: Image is Valid
[2025-02-03 17:49:08,311 web_scraper.py->is_valid_image():394]INFO: Image is Valid
[2025-02-03 17:49:08,312 web_scraper.py->is_valid_image():394]INFO: Image is Valid
[2025-02-03 17:49:08,312 web_scraper.py->is_valid_image():394]INFO: Image is Valid
[2025-02-03 17:49:08,613 web_scraper.py->download_image():434]INFO: Downloaded: 61_1714731017819.png
[2025-02-03 17:49:08,879 web_scraper.py->download_image():434]INFO: Downloaded: 61_1714731016339.png
[2025-02-03 17:49:09,049 web_scraper.py->download_image():434]INFO: Downloaded: 61_1714731008942.png
[2025-02-03 17:49:09,297 web_scraper.py->download_image():434]INFO: Downloaded: 61_1714731015916.png
[2025-02-03 17:49:09,298 web_scraper.py->_extract_hashtags():257]INFO: Hastags Extracted
[2025-02-03 17:49:09,299 web_scraper.py->_clean_text():287]INFO: Text Cleaned
[2025-02-03 17:49:09,299 web_scraper.py->_extract_emojis():343]INFO: Emoji Extracted
[2025-02-03 17:49:09,300 web_scraper.py->_split_at_first_delimiter():318]INFO: Text Splitted into Heading and Content
[2025-02-03 17:49:09,300 web_scraper.py->is_valid_image():394]INFO: Image is Valid
[2025-02-03 17:49:09,300 web_scraper.py->is_valid_image():394]INFO: Image is Valid
[2025-02-03 17:49:09,300 web_scraper.py->is_valid_image():394]INFO: Image is Valid
[2025-02-03 17:49:09,301 web_scraper.py->is_valid_image():394]INFO: Image is Valid
[2025-02-03 17:49:09,301 web_scraper.py->is_valid_image():394]INFO: Image is Valid
[2025-02-03 17:49:09,667 web_scraper.py->download_image():434]INFO: Downloaded: 63_1714119991123.png
[2025-02-03 17:49:09,883 web_scraper.py->download_image():434]INFO: Downloaded: 63_1714119983070.png
[2025-02-03 17:49:10,274 web_scraper.py->download_image():434]INFO: Downloaded: 63_1714119986892.png
[2025-02-03 17:49:10,532 web_scraper.py->download_image():434]INFO: Downloaded: 63_1714119984710.png
[2025-02-03 17:49:10,533 web_scraper.py->_extract_hashtags():257]INFO: Hastags Extracted
[2025-02-03 17:49:10,534 web_scraper.py->_clean_text():287]INFO: Text Cleaned
[2025-02-03 17:49:10,534 web_scraper.py->_extract_emojis():343]INFO: Emoji Extracted
[2025-02-03 17:49:10,534 web_scraper.py->_split_at_first_delimiter():318]INFO: Text Splitted into Heading and Content
[2025-02-03 17:49:10,535 web_scraper.py->is_valid_image():394]INFO: Image is Valid
[2025-02-03 17:49:10,535 web_scraper.py->is_valid_image():394]INFO: Image is Valid
[2025-02-03 17:49:10,535 web_scraper.py->is_valid_image():394]INFO: Image is Valid
[2025-02-03 17:49:10,535 web_scraper.py->is_valid_image():394]INFO: Image is Valid
[2025-02-03 17:49:10,535 web_scraper.py->is_valid_image():394]INFO: Image is Valid
[2025-02-03 17:49:10,787 web_scraper.py->download_image():434]INFO: Downloaded: 65_1713509784707.png
[2025-02-03 17:49:10,954 web_scraper.py->download_image():434]INFO: Downloaded: 65_1713509780169.png
[2025-02-03 17:49:11,253 web_scraper.py->download_image():434]INFO: Downloaded: 65_1713509783351.png
[2025-02-03 17:49:11,480 web_scraper.py->download_image():434]INFO: Downloaded: 65_1713509780108.png
[2025-02-03 17:49:11,481 web_scraper.py->_extract_hashtags():257]INFO: Hastags Extracted
[2025-02-03 17:49:11,482 web_scraper.py->_clean_text():287]INFO: Text Cleaned
[2025-02-03 17:49:11,482 web_scraper.py->_extract_emojis():343]INFO: Emoji Extracted
[2025-02-03 17:49:11,483 web_scraper.py->_split_at_first_delimiter():318]INFO: Text Splitted into Heading and Content
[2025-02-03 17:49:11,483 web_scraper.py->is_valid_image():394]INFO: Image is Valid
[2025-02-03 17:49:11,483 web_scraper.py->is_valid_image():394]INFO: Image is Valid
[2025-02-03 17:49:11,484 web_scraper.py->is_valid_image():394]INFO: Image is Valid
[2025-02-03 17:49:11,484 web_scraper.py->is_valid_image():394]INFO: Image is Valid
[2025-02-03 17:49:11,484 web_scraper.py->is_valid_image():394]INFO: Image is Valid
[2025-02-03 17:49:11,574 web_scraper.py->download_image():434]INFO: Downloaded: 67_1712042432592.png
[2025-02-03 17:49:11,630 web_scraper.py->download_image():434]INFO: Downloaded: 67_1712042431279.png
[2025-02-03 17:49:11,683 web_scraper.py->download_image():434]INFO: Downloaded: 67_1712042430540.png
[2025-02-03 17:49:11,732 web_scraper.py->download_image():434]INFO: Downloaded: 67_1712042431358.png
[2025-02-03 17:49:11,733 web_scraper.py->_extract_hashtags():257]INFO: Hastags Extracted
[2025-02-03 17:49:11,734 web_scraper.py->_clean_text():287]INFO: Text Cleaned
[2025-02-03 17:49:11,734 web_scraper.py->_extract_emojis():343]INFO: Emoji Extracted
[2025-02-03 17:49:11,734 web_scraper.py->_split_at_first_delimiter():318]INFO: Text Splitted into Heading and Content
[2025-02-03 17:49:11,735 web_scraper.py->is_valid_image():394]INFO: Image is Valid
[2025-02-03 17:49:11,735 web_scraper.py->is_valid_image():394]INFO: Image is Valid
[2025-02-03 17:49:11,735 web_scraper.py->is_valid_image():394]INFO: Image is Valid
[2025-02-03 17:49:11,735 web_scraper.py->is_valid_image():394]INFO: Image is Valid
[2025-02-03 17:49:11,735 web_scraper.py->is_valid_image():394]INFO: Image is Valid
[2025-02-03 17:49:12,095 web_scraper.py->download_image():434]INFO: Downloaded: 69_1711710028346.png
[2025-02-03 17:49:12,486 web_scraper.py->download_image():434]INFO: Downloaded: 69_1711710033194.png
[2025-02-03 17:49:12,817 web_scraper.py->download_image():434]INFO: Downloaded: 69_1711710024180.png
[2025-02-03 17:49:13,108 web_scraper.py->download_image():434]INFO: Downloaded: 69_1711710021687.png
[2025-02-03 17:49:13,109 web_scraper.py->_extract_hashtags():257]INFO: Hastags Extracted
[2025-02-03 17:49:13,110 web_scraper.py->_clean_text():287]INFO: Text Cleaned
[2025-02-03 17:49:13,110 web_scraper.py->_extract_emojis():343]INFO: Emoji Extracted
[2025-02-03 17:49:13,110 web_scraper.py->_split_at_first_delimiter():318]INFO: Text Splitted into Heading and Content
[2025-02-03 17:49:13,111 web_scraper.py->is_valid_image():394]INFO: Image is Valid
[2025-02-03 17:49:13,111 web_scraper.py->is_valid_image():394]INFO: Image is Valid
[2025-02-03 17:49:13,111 web_scraper.py->is_valid_image():394]INFO: Image is Valid
[2025-02-03 17:49:13,111 web_scraper.py->is_valid_image():394]INFO: Image is Valid
[2025-02-03 17:49:13,111 web_scraper.py->is_valid_image():394]INFO: Image is Valid
[2025-02-03 17:49:13,177 web_scraper.py->download_image():434]INFO: Downloaded: 71_1711535665031.png
[2025-02-03 17:49:13,238 web_scraper.py->download_image():434]INFO: Downloaded: 71_1711535664490.png
[2025-02-03 17:49:13,290 web_scraper.py->download_image():434]INFO: Downloaded: 71_1711535665098.png
[2025-02-03 17:49:13,349 web_scraper.py->download_image():434]INFO: Downloaded: 71_1711535664998.png
[2025-02-03 17:49:13,350 web_scraper.py->_extract_hashtags():257]INFO: Hastags Extracted
[2025-02-03 17:49:13,351 web_scraper.py->_clean_text():287]INFO: Text Cleaned
[2025-02-03 17:49:13,351 web_scraper.py->_extract_emojis():343]INFO: Emoji Extracted
[2025-02-03 17:49:13,351 web_scraper.py->_split_at_first_delimiter():318]INFO: Text Splitted into Heading and Content
[2025-02-03 17:49:13,352 web_scraper.py->is_valid_image():394]INFO: Image is Valid
[2025-02-03 17:49:13,352 web_scraper.py->is_valid_image():394]INFO: Image is Valid
[2025-02-03 17:49:13,352 web_scraper.py->is_valid_image():394]INFO: Image is Valid
[2025-02-03 17:49:13,352 web_scraper.py->is_valid_image():394]INFO: Image is Valid
[2025-02-03 17:49:13,352 web_scraper.py->is_valid_image():394]INFO: Image is Valid
[2025-02-03 17:49:13,400 web_scraper.py->download_image():434]INFO: Downloaded: 73_1711101863812.png
[2025-02-03 17:49:13,443 web_scraper.py->download_image():434]INFO: Downloaded: 73_1711101863651.png
[2025-02-03 17:49:13,491 web_scraper.py->download_image():434]INFO: Downloaded: 73_1711101863415.png
[2025-02-03 17:49:13,540 web_scraper.py->download_image():434]INFO: Downloaded: 73_1711101863951.png
[2025-02-03 17:49:13,541 web_scraper.py->_extract_hashtags():257]INFO: Hastags Extracted
[2025-02-03 17:49:13,542 web_scraper.py->_clean_text():287]INFO: Text Cleaned
[2025-02-03 17:49:13,542 web_scraper.py->_extract_emojis():343]INFO: Emoji Extracted
[2025-02-03 17:49:13,542 web_scraper.py->_split_at_first_delimiter():318]INFO: Text Splitted into Heading and Content
[2025-02-03 17:49:13,543 web_scraper.py->is_valid_image():394]INFO: Image is Valid
[2025-02-03 17:49:13,543 web_scraper.py->_extract_hashtags():257]INFO: Hastags Extracted
[2025-02-03 17:49:13,544 web_scraper.py->_clean_text():287]INFO: Text Cleaned
[2025-02-03 17:49:13,544 web_scraper.py->_extract_emojis():343]INFO: Emoji Extracted
[2025-02-03 17:49:13,544 web_scraper.py->_split_at_first_delimiter():318]INFO: Text Splitted into Heading and Content
[2025-02-03 17:49:13,545 web_scraper.py->is_valid_image():394]INFO: Image is Valid
[2025-02-03 17:49:13,545 web_scraper.py->is_valid_image():394]INFO: Image is Valid
[2025-02-03 17:49:13,545 web_scraper.py->is_valid_image():394]INFO: Image is Valid
[2025-02-03 17:49:13,545 web_scraper.py->is_valid_image():394]INFO: Image is Valid
[2025-02-03 17:49:13,630 web_scraper.py->download_image():434]INFO: Downloaded: 77_1710764870813.png
[2025-02-03 17:49:13,682 web_scraper.py->download_image():434]INFO: Downloaded: 77_1710764871747.png
[2025-02-03 17:49:13,756 web_scraper.py->download_image():434]INFO: Downloaded: 77_1710764870927.png
[2025-02-03 17:49:13,758 web_scraper.py->_extract_hashtags():257]INFO: Hastags Extracted
[2025-02-03 17:49:13,758 web_scraper.py->_clean_text():287]INFO: Text Cleaned
[2025-02-03 17:49:13,759 web_scraper.py->_extract_emojis():343]INFO: Emoji Extracted
[2025-02-03 17:49:13,759 web_scraper.py->_split_at_first_delimiter():318]INFO: Text Splitted into Heading and Content
[2025-02-03 17:49:13,759 web_scraper.py->is_valid_image():394]INFO: Image is Valid
[2025-02-03 17:49:13,760 web_scraper.py->_extract_hashtags():257]INFO: Hastags Extracted
[2025-02-03 17:49:13,760 web_scraper.py->_clean_text():287]INFO: Text Cleaned
[2025-02-03 17:49:13,761 web_scraper.py->_extract_emojis():343]INFO: Emoji Extracted
[2025-02-03 17:49:13,761 web_scraper.py->_split_at_first_delimiter():318]INFO: Text Splitted into Heading and Content
[2025-02-03 17:49:13,761 web_scraper.py->is_valid_image():394]INFO: Image is Valid
[2025-02-03 17:49:13,762 web_scraper.py->is_valid_image():394]INFO: Image is Valid
[2025-02-03 17:49:13,806 web_scraper.py->download_image():434]INFO: Downloaded: 81_1709642323839.png
[2025-02-03 17:49:13,807 web_scraper.py->_extract_hashtags():257]INFO: Hastags Extracted
[2025-02-03 17:49:13,807 web_scraper.py->_clean_text():287]INFO: Text Cleaned
[2025-02-03 17:49:13,807 web_scraper.py->_extract_emojis():343]INFO: Emoji Extracted
[2025-02-03 17:49:13,808 web_scraper.py->_split_at_first_delimiter():318]INFO: Text Splitted into Heading and Content
[2025-02-03 17:49:13,809 web_scraper.py->is_valid_image():394]INFO: Image is Valid
[2025-02-03 17:49:13,810 web_scraper.py->is_valid_image():394]INFO: Image is Valid
[2025-02-03 17:49:13,810 web_scraper.py->is_valid_image():394]INFO: Image is Valid
[2025-02-03 17:49:13,810 web_scraper.py->is_valid_image():394]INFO: Image is Valid
[2025-02-03 17:49:13,810 web_scraper.py->is_valid_image():394]INFO: Image is Valid
[2025-02-03 17:49:13,810 web_scraper.py->is_valid_image():394]INFO: Image is Valid
[2025-02-03 17:49:14,106 web_scraper.py->download_image():434]INFO: Downloaded: 83_1709283765917.png
[2025-02-03 17:49:15,764 web_scraper.py->download_image():434]INFO: Downloaded: 83_1709283902645.png
[2025-02-03 17:49:16,087 web_scraper.py->download_image():434]INFO: Downloaded: 83_1709283766355.png
[2025-02-03 17:49:17,145 web_scraper.py->download_image():434]INFO: Downloaded: 83_1709283848189.png
[2025-02-03 17:49:18,085 web_scraper.py->download_image():434]INFO: Downloaded: 83_1709283826129.png
[2025-02-03 17:49:18,086 web_scraper.py->_extract_hashtags():257]INFO: Hastags Extracted
[2025-02-03 17:49:18,086 web_scraper.py->_clean_text():287]INFO: Text Cleaned
[2025-02-03 17:49:18,086 web_scraper.py->_extract_emojis():343]INFO: Emoji Extracted
[2025-02-03 17:49:18,086 web_scraper.py->_split_at_first_delimiter():318]INFO: Text Splitted into Heading and Content
[2025-02-03 17:49:18,087 web_scraper.py->is_valid_image():394]INFO: Image is Valid
[2025-02-03 17:49:18,088 web_scraper.py->_extract_hashtags():257]INFO: Hastags Extracted
[2025-02-03 17:49:18,088 web_scraper.py->_clean_text():287]INFO: Text Cleaned
[2025-02-03 17:49:18,089 web_scraper.py->_extract_emojis():343]INFO: Emoji Extracted
[2025-02-03 17:49:18,089 web_scraper.py->_split_at_first_delimiter():318]INFO: Text Splitted into Heading and Content
[2025-02-03 17:49:18,089 web_scraper.py->is_valid_image():394]INFO: Image is Valid
[2025-02-03 17:49:18,089 web_scraper.py->is_valid_image():394]INFO: Image is Valid
[2025-02-03 17:49:18,149 web_scraper.py->download_image():434]INFO: Downloaded: 87_1709039250140.png
[2025-02-03 17:49:18,150 web_scraper.py->_extract_hashtags():257]INFO: Hastags Extracted
[2025-02-03 17:49:18,151 web_scraper.py->_clean_text():287]INFO: Text Cleaned
[2025-02-03 17:49:18,151 web_scraper.py->_extract_emojis():343]INFO: Emoji Extracted
[2025-02-03 17:49:18,151 web_scraper.py->_split_at_first_delimiter():318]INFO: Text Splitted into Heading and Content
[2025-02-03 17:49:18,152 web_scraper.py->is_valid_image():394]INFO: Image is Valid
[2025-02-03 17:49:18,152 web_scraper.py->is_valid_image():394]INFO: Image is Valid
[2025-02-03 17:49:18,152 web_scraper.py->is_valid_image():394]INFO: Image is Valid
[2025-02-03 17:49:18,152 web_scraper.py->is_valid_image():394]INFO: Image is Valid
[2025-02-03 17:49:18,152 web_scraper.py->is_valid_image():394]INFO: Image is Valid
[2025-02-03 17:49:18,153 web_scraper.py->is_valid_image():394]INFO: Image is Valid
[2025-02-03 17:49:18,188 web_scraper.py->download_image():434]INFO: Downloaded: 89_1708691396630.png
[2025-02-03 17:49:18,220 web_scraper.py->download_image():434]INFO: Downloaded: 89_1708691398290.png
[2025-02-03 17:49:18,262 web_scraper.py->download_image():434]INFO: Downloaded: 89_1708691396573.png
[2025-02-03 17:49:18,300 web_scraper.py->download_image():434]INFO: Downloaded: 89_1708691396894.png
[2025-02-03 17:49:18,334 web_scraper.py->download_image():434]INFO: Downloaded: 89_1708691396358.png
[2025-02-03 17:49:18,335 web_scraper.py->_extract_hashtags():257]INFO: Hastags Extracted
[2025-02-03 17:49:18,336 web_scraper.py->_clean_text():287]INFO: Text Cleaned
[2025-02-03 17:49:18,336 web_scraper.py->_extract_emojis():343]INFO: Emoji Extracted
[2025-02-03 17:49:18,336 web_scraper.py->_split_at_first_delimiter():318]INFO: Text Splitted into Heading and Content
[2025-02-03 17:49:18,337 web_scraper.py->is_valid_image():394]INFO: Image is Valid
[2025-02-03 17:49:18,337 web_scraper.py->is_valid_image():394]INFO: Image is Valid
[2025-02-03 17:49:18,337 web_scraper.py->is_valid_image():394]INFO: Image is Valid
[2025-02-03 17:49:18,338 web_scraper.py->is_valid_image():394]INFO: Image is Valid
[2025-02-03 17:49:18,338 web_scraper.py->is_valid_image():394]INFO: Image is Valid
[2025-02-03 17:49:18,338 web_scraper.py->is_valid_image():394]INFO: Image is Valid
[2025-02-03 17:49:18,914 web_scraper.py->download_image():434]INFO: Downloaded: 91_1707480690131.png
[2025-02-03 17:49:19,545 web_scraper.py->download_image():434]INFO: Downloaded: 91_1707480694825.png
[2025-02-03 17:49:19,908 web_scraper.py->download_image():434]INFO: Downloaded: 91_1707480612613.png
[2025-02-03 17:49:20,711 web_scraper.py->download_image():434]INFO: Downloaded: 91_1707480730685.png
[2025-02-03 17:49:21,177 web_scraper.py->download_image():434]INFO: Downloaded: 91_1707480658465.png
[2025-02-03 17:49:21,178 web_scraper.py->_extract_hashtags():257]INFO: Hastags Extracted
[2025-02-03 17:49:21,179 web_scraper.py->_clean_text():287]INFO: Text Cleaned
[2025-02-03 17:49:21,179 web_scraper.py->_extract_emojis():343]INFO: Emoji Extracted
[2025-02-03 17:49:21,179 web_scraper.py->_split_at_first_delimiter():318]INFO: Text Splitted into Heading and Content
[2025-02-03 17:49:21,180 web_scraper.py->is_valid_image():394]INFO: Image is Valid
[2025-02-03 17:49:21,180 web_scraper.py->_extract_hashtags():257]INFO: Hastags Extracted
[2025-02-03 17:49:21,181 web_scraper.py->_clean_text():287]INFO: Text Cleaned
[2025-02-03 17:49:21,182 web_scraper.py->_extract_emojis():343]INFO: Emoji Extracted
[2025-02-03 17:49:21,182 web_scraper.py->_split_at_first_delimiter():318]INFO: Text Splitted into Heading and Content
[2025-02-03 17:49:21,183 web_scraper.py->is_valid_image():394]INFO: Image is Valid
[2025-02-03 17:49:21,183 web_scraper.py->is_valid_image():394]INFO: Image is Valid
[2025-02-03 17:49:21,218 web_scraper.py->download_image():434]INFO: Downloaded: 95_1732799288559.png
[2025-02-03 17:49:21,219 web_scraper.py->_extract_hashtags():257]INFO: Hastags Extracted
[2025-02-03 17:49:21,219 web_scraper.py->_clean_text():287]INFO: Text Cleaned
[2025-02-03 17:49:21,220 web_scraper.py->_extract_emojis():343]INFO: Emoji Extracted
[2025-02-03 17:49:21,220 web_scraper.py->_split_at_first_delimiter():318]INFO: Text Splitted into Heading and Content
[2025-02-03 17:49:21,221 web_scraper.py->is_valid_image():394]INFO: Image is Valid
[2025-02-03 17:49:21,221 web_scraper.py->is_valid_image():394]INFO: Image is Valid
[2025-02-03 17:49:21,252 web_scraper.py->download_image():434]INFO: Downloaded: 97_1730203822351.png
[2025-02-03 17:49:21,253 web_scraper.py->_extract_hashtags():257]INFO: Hastags Extracted
[2025-02-03 17:49:21,253 web_scraper.py->_clean_text():287]INFO: Text Cleaned
[2025-02-03 17:49:21,254 web_scraper.py->_extract_emojis():343]INFO: Emoji Extracted
[2025-02-03 17:49:21,254 web_scraper.py->_split_at_first_delimiter():318]INFO: Text Splitted into Heading and Content
[2025-02-03 17:49:21,255 web_scraper.py->is_valid_image():394]INFO: Image is Valid
[2025-02-03 17:49:21,255 web_scraper.py->is_valid_image():394]INFO: Image is Valid
[2025-02-03 17:49:21,289 web_scraper.py->download_image():434]INFO: Downloaded: 99_1730210049822.png
[2025-02-03 17:49:21,290 web_scraper.py->_extract_hashtags():257]INFO: Hastags Extracted
[2025-02-03 17:49:21,290 web_scraper.py->_clean_text():287]INFO: Text Cleaned
[2025-02-03 17:49:21,291 web_scraper.py->_extract_emojis():343]INFO: Emoji Extracted
[2025-02-03 17:49:21,291 web_scraper.py->_split_at_first_delimiter():318]INFO: Text Splitted into Heading and Content
[2025-02-03 17:49:21,292 web_scraper.py->is_valid_image():394]INFO: Image is Valid
[2025-02-03 17:49:21,292 web_scraper.py->is_valid_image():394]INFO: Image is Valid
[2025-02-03 17:49:22,379 web_scraper.py->download_image():434]INFO: Downloaded: 101_1723641789314.png
[2025-02-03 17:49:22,379 web_scraper.py->_scrape_linkedin_posts():525]INFO: Total unique posts found: 51
[2025-02-03 17:49:22,418 web_scraper.py->linkedin_scraper():132]INFO: Scraping complete. Data saved to post_data.json
[2025-02-03 17:49:22,419 web_scraper.py->linkedin_scraper():133]INFO: Total posts scraped: 51
